{
  "RSpec": {
    "coverage": {
    },
    "timestamp": 1430885609
  },
  "Cucumber Features": {
    "coverage": {
      "/home/leonardo/Escritorio/katas-eis/battleship/app/models/Board.rb": [
        1,
        1,
        1,
        null,
        1,
        1,
        1,
        null,
        1,
        6,
        186,
        null,
        null,
        1,
        4,
        null,
        null,
        1,
        15,
        null,
        null,
        1,
        1,
        1,
        null,
        null,
        null,
        1,
        5,
        5,
        5,
        5,
        null,
        null,
        null,
        1,
        9,
        8,
        null,
        1,
        null,
        null,
        null
      ],
      "/home/leonardo/Escritorio/katas-eis/battleship/app/models/Water.rb": [
        1,
        null,
        1,
        null,
        1,
        1,
        null,
        null,
        1,
        4,
        null,
        null
      ],
      "/home/leonardo/Escritorio/katas-eis/battleship/app/models/Ship.rb": [
        1,
        null,
        1,
        3,
        null,
        null,
        null
      ],
      "/home/leonardo/Escritorio/katas-eis/battleship/app/models/SmallShip.rb": [
        1,
        null,
        1,
        null,
        1,
        0,
        null,
        null
      ],
      "/home/leonardo/Escritorio/katas-eis/battleship/app/models/LargeShip.rb": [
        1,
        null,
        1,
        null,
        1,
        null,
        1,
        5,
        null,
        null,
        1,
        null,
        4,
        1,
        null,
        3,
        3,
        null,
        null,
        null
      ]
    },
    "timestamp": 1430885612
  }
}
