{
  "RSpec": {
    "coverage": {
    },
    "timestamp": 1430620345
  },
  "Cucumber Features": {
    "coverage": {
      "/home/leonardo/Escritorio/katas-eis/battleship/app/models/Board.rb": [
        1,
        1,
        1,
        null,
        1,
        1,
        1,
        null,
        1,
        1,
        31,
        null,
        null,
        1,
        1,
        null,
        null,
        1,
        1,
        null,
        null,
        null
      ],
      "/home/leonardo/Escritorio/katas-eis/battleship/app/models/Water.rb": [
        1,
        null,
        1,
        null,
        1,
        0,
        null,
        null
      ],
      "/home/leonardo/Escritorio/katas-eis/battleship/app/models/Ship.rb": [
        1,
        null,
        null
      ],
      "/home/leonardo/Escritorio/katas-eis/battleship/app/models/SmallShip.rb": [
        1,
        null,
        1,
        null,
        1,
        0,
        null,
        null
      ],
      "/home/leonardo/Escritorio/katas-eis/battleship/app/models/LangerShip.rb": [
        1,
        null,
        1,
        null,
        1,
        null,
        0,
        null,
        0,
        0,
        null,
        0,
        0,
        null,
        null,
        null
      ]
    },
    "timestamp": 1430620348
  }
}
